<?xml version="1.0" encoding="UTF-8"?>
<testng-results ignored="0" total="1" passed="1" failed="0" skipped="0">
  <reporter-output>
  </reporter-output>
  <suite started-at="2026-04-06T22:30:11 IST" name="AutomationSuite" finished-at="2026-04-06T22:30:20 IST" duration-ms="9244">
    <groups>
    </groups>
    <test started-at="2026-04-06T22:30:11 IST" name="LoginTests" finished-at="2026-04-06T22:30:20 IST" duration-ms="9244">
      <class name="tests.LoginTest">
        <test-method is-config="true" signature="setup(java.lang.String,java.lang.reflect.Method)[pri:0, instance:tests.LoginTest@1b11171f]" started-at="2026-04-06T22:30:12 IST" name="setup" finished-at="2026-04-06T22:30:19 IST" duration-ms="7424" status="PASS">
          <params>
            <param index="0">
              <value>
                <![CDATA[chrome]]>
              </value>
            </param>
            <param index="1">
              <value>
                <![CDATA[public void tests.LoginTest.verifyLogin(java.lang.String,java.lang.String)]]>
              </value>
            </param>
          </params>
          <reporter-output>
          </reporter-output>
        </test-method> <!-- setup -->
        <test-method signature="verifyLogin(java.lang.String,java.lang.String)[pri:0, instance:tests.LoginTest@1b11171f]" started-at="2026-04-06T22:30:19 IST" name="verifyLogin" data-provider="loginData" finished-at="2026-04-06T22:30:20 IST" duration-ms="951" status="PASS">
          <params>
            <param index="0">
              <value>
                <![CDATA[admin]]>
              </value>
            </param>
            <param index="1">
              <value>
                <![CDATA[admin123]]>
              </value>
            </param>
          </params>
          <reporter-output>
          </reporter-output>
        </test-method> <!-- verifyLogin -->
        <test-method is-config="true" signature="tearDown(org.testng.ITestResult)[pri:0, instance:tests.LoginTest@1b11171f]" started-at="2026-04-06T22:30:20 IST" name="tearDown" finished-at="2026-04-06T22:30:20 IST" duration-ms="1" status="PASS">
          <params>
            <param index="0">
              <value>
                <![CDATA[[TestResult name=verifyLogin status=SUCCESS method=LoginTest.verifyLogin(java.lang.String,java.lang.String)[pri:0, instance:tests.LoginTest@1b11171f] output={null}]]]>
              </value>
            </param>
          </params>
          <reporter-output>
          </reporter-output>
        </test-method> <!-- tearDown -->
      </class> <!-- tests.LoginTest -->
    </test> <!-- LoginTests -->
  </suite> <!-- AutomationSuite -->
</testng-results>
